<?xml version="1.0" encoding="UTF-8"?>
<testsuite name="Cucumber" time="0.36" tests="1" skipped="0" failures="1" errors="0">
<testcase classname="ets tur sitesi login" name="ets tur login" time="0.052">
<failure/>
<system-out><![CDATA[
Given ets tur sitesine gidilir..............................................undefined
And login butonu ustune gidilir.............................................skipped
When giris butona basilir...................................................skipped
And eposta girilir..........................................................skipped
And password girilir........................................................skipped
When giris yap butununa basilir.............................................skipped
Then sayfaya gidilmedigi dogrulanir.........................................skipped
]]></system-out>
</testcase>
</testsuite>
